<?xml version="1.0" encoding="UTF-8"?>
<testng-results ignored="0" total="1" passed="1" failed="0" skipped="0">
  <reporter-output>
  </reporter-output>
  <suite started-at="2024-08-06T09:17:17 CDT" name="Default suite" finished-at="2024-08-06T09:17:28 CDT" duration-ms="11545">
    <groups>
    </groups>
    <test started-at="2024-08-06T09:17:17 CDT" name="Default test" finished-at="2024-08-06T09:17:28 CDT" duration-ms="11545">
      <class name="project.github.Login">
        <test-method signature="Login1()[pri:0, instance:project.github.Login@3e694b3f]" started-at="2024-08-06T09:17:17 CDT" name="Login1" finished-at="2024-08-06T09:17:28 CDT" duration-ms="11466" status="PASS">
          <reporter-output>
          </reporter-output>
        </test-method> <!-- Login1 -->
      </class> <!-- project.github.Login -->
    </test> <!-- Default test -->
  </suite> <!-- Default suite -->
</testng-results>
